<?xml version="1.0" encoding="UTF-8"?>
<!-- Generated by org.testng.reporters.JUnitReportReporter -->
<testsuite skipped="0" hostname="kilvidiacademy" name="com.inetbanking.testCases.TC_AddCustomerTest_003" tests="1" failures="0" timestamp="05 Feb 2019 22:27:05 GMT" time="17.937" errors="0">
  <testcase name="addNewCustomer" time="17.937" classname="com.inetbanking.testCases.TC_AddCustomerTest_003"/>
</testsuite> <!-- com.inetbanking.testCases.TC_AddCustomerTest_003 -->
