<?xml version="1.0" encoding="UTF-8"?>
<!-- Generated by org.testng.reporters.JUnitReportReporter -->
<testsuite skipped="0" hostname="kilvidiacademy" name="com.inetbanking.testCases.TC_LoginTest_001" tests="1" failures="0" timestamp="19 Dec 2018 17:00:12 GMT" time="0.900" errors="0">
  <testcase name="loginTest" time="0.900" classname="com.inetbanking.testCases.TC_LoginTest_001"/>
</testsuite> <!-- com.inetbanking.testCases.TC_LoginTest_001 -->
