<?xml version="1.0" encoding="UTF-8"?>
<!-- Generated by org.testng.reporters.JUnitReportReporter -->
<testsuite skipped="0" hostname="kilvidiacademy" name="com.inetbanking.testCases.TC_LoginTest_001" tests="1" failures="0" timestamp="06 Feb 2019 01:15:05 GMT" time="1.169" errors="0">
  <testcase name="loginTest" time="1.169" classname="com.inetbanking.testCases.TC_LoginTest_001"/>
</testsuite> <!-- com.inetbanking.testCases.TC_LoginTest_001 -->
